# JRE version: OpenJDK Runtime Environment Temurin-17.0.8.1+1 (17.0.8.1+1) (build 17.0.8.1+1)
# Java VM: OpenJDK 64-Bit Server VM Temurin-17.0.8.1+1 (17.0.8.1+1, mixed mode, emulated-client, tiered, compressed oops, compressed class ptrs, g1 gc, windows-amd64)
GC Precious Log:
 CPUs: 16 total, 16 available
 Memory: 7597M
 Large Page Support: Disabled
 NUMA Support: Disabled
 Compressed Oops: Enabled (32-bit)
 Heap Region Size: 1M
 Heap Min Capacity: 8M
 Heap Initial Capacity: 120M
 Heap Max Capacity: 1900M
 Pre-touch: Disabled
 Parallel Workers: 13
 Concurrent Workers: 3
 Concurrent Refinement Workers: 13
 Periodic GC: Disabled
Heap:
 garbage-first heap   total 61440K, used 21096K [0x0000000089400000, 0x0000000100000000)
  region size 1024K, 3 young (3072K), 3 survivors (3072K)
 Metaspace       used 48268K, committed 48768K, reserved 1114112K
  class space    used 6309K, committed 6528K, reserved 1048576K
GC Heap History (17 events):
Event: 0.752 GC heap before
{Heap before GC invocations=0 (full 0):
 garbage-first heap   total 122880K, used 23552K [0x0000000089400000, 0x0000000100000000)
  region size 1024K, 23 young (23552K), 0 survivors (0K)
 Metaspace       used 16018K, committed 16256K, reserved 1114112K
  class space    used 1721K, committed 1856K, reserved 1048576K
}
Event: 0.760 GC heap after
{Heap after GC invocations=1 (full 0):
 garbage-first heap   total 122880K, used 8000K [0x0000000089400000, 0x0000000100000000)
  region size 1024K, 3 young (3072K), 3 survivors (3072K)
 Metaspace       used 16018K, committed 16256K, reserved 1114112K
  class space    used 1721K, committed 1856K, reserved 1048576K
}
Event: 1.056 GC heap before
{Heap before GC invocations=1 (full 0):
 garbage-first heap   total 122880K, used 30528K [0x0000000089400000, 0x0000000100000000)
  region size 1024K, 27 young (27648K), 3 survivors (3072K)
 Metaspace       used 21283K, committed 21504K, reserved 1114112K
  class space    used 2496K, committed 2624K, reserved 1048576K
}
Event: 1.061 GC heap after
{Heap after GC invocations=2 (full 0):
 garbage-first heap   total 122880K, used 9498K [0x0000000089400000, 0x0000000100000000)
  region size 1024K, 2 young (2048K), 2 survivors (2048K)
 Metaspace       used 21283K, committed 21504K, reserved 1114112K
  class space    used 2496K, committed 2624K, reserved 1048576K
}
Event: 1.203 GC heap before
{Heap before GC invocations=3 (full 0):
 garbage-first heap   total 37888K, used 26906K [0x0000000089400000, 0x0000000100000000)
  region size 1024K, 20 young (20480K), 2 survivors (2048K)
 Metaspace       used 24363K, committed 24640K, reserved 1114112K
  class space    used 3017K, committed 3136K, reserved 1048576K
}
Event: 1.206 GC heap after
{Heap after GC invocations=4 (full 0):
 garbage-first heap   total 37888K, used 10463K [0x0000000089400000, 0x0000000100000000)
  region size 1024K, 3 young (3072K), 3 survivors (3072K)
 Metaspace       used 24363K, committed 24640K, reserved 1114112K
  class space    used 3017K, committed 3136K, reserved 1048576K
}
Event: 1.216 GC heap before
{Heap before GC invocations=4 (full 0):
 garbage-first heap   total 37888K, used 10463K [0x0000000089400000, 0x0000000100000000)
  region size 1024K, 4 young (4096K), 3 survivors (3072K)
 Metaspace       used 24570K, committed 24832K, reserved 1114112K
  class space    used 3044K, committed 3200K, reserved 1048576K
}
Event: 1.219 GC heap after
{Heap after GC invocations=5 (full 0):
 garbage-first heap   total 37888K, used 10825K [0x0000000089400000, 0x0000000100000000)
  region size 1024K, 1 young (1024K), 1 survivors (1024K)
 Metaspace       used 24570K, committed 24832K, reserved 1114112K
  class space    used 3044K, committed 3200K, reserved 1048576K
}
Event: 1.315 GC heap before
{Heap before GC invocations=5 (full 0):
 garbage-first heap   total 37888K, used 24137K [0x0000000089400000, 0x0000000100000000)
  region size 1024K, 15 young (15360K), 1 survivors (1024K)
 Metaspace       used 27619K, committed 27904K, reserved 1114112K
  class space    used 3347K, committed 3520K, reserved 1048576K
}
Event: 1.317 GC heap after
{Heap after GC invocations=6 (full 0):
 garbage-first heap   total 67584K, used 12029K [0x0000000089400000, 0x0000000100000000)
  region size 1024K, 2 young (2048K), 2 survivors (2048K)
 Metaspace       used 27619K, committed 27904K, reserved 1114112K
  class space    used 3347K, committed 3520K, reserved 1048576K
}
Event: 1.685 GC heap before
{Heap before GC invocations=6 (full 0):
 garbage-first heap   total 67584K, used 43773K [0x0000000089400000, 0x0000000100000000)
  region size 1024K, 34 young (34816K), 2 survivors (2048K)
 Metaspace       used 31777K, committed 32064K, reserved 1114112K
  class space    used 3955K, committed 4096K, reserved 1048576K
}
Event: 1.690 GC heap after
{Heap after GC invocations=7 (full 0):
 garbage-first heap   total 67584K, used 13967K [0x0000000089400000, 0x0000000100000000)
  region size 1024K, 4 young (4096K), 4 survivors (4096K)
 Metaspace       used 31777K, committed 32064K, reserved 1114112K
  class space    used 3955K, committed 4096K, reserved 1048576K
}
Event: 2.086 GC heap before
{Heap before GC invocations=7 (full 0):
 garbage-first heap   total 67584K, used 36495K [0x0000000089400000, 0x0000000100000000)
  region size 1024K, 27 young (27648K), 4 survivors (4096K)
 Metaspace       used 35621K, committed 35968K, reserved 1114112K
  class space    used 4555K, committed 4736K, reserved 1048576K
}
Event: 2.095 GC heap after
{Heap after GC invocations=8 (full 0):
 garbage-first heap   total 67584K, used 16068K [0x0000000089400000, 0x0000000100000000)
  region size 1024K, 5 young (5120K), 5 survivors (5120K)
 Metaspace       used 35621K, committed 35968K, reserved 1114112K
  class space    used 4555K, committed 4736K, reserved 1048576K
}
Event: 2.639 GC heap before
{Heap before GC invocations=9 (full 0):
 garbage-first heap   total 61440K, used 46788K [0x0000000089400000, 0x0000000100000000)
  region size 1024K, 36 young (36864K), 5 survivors (5120K)
 Metaspace       used 40978K, committed 41472K, reserved 1114112K
  class space    used 5279K, committed 5504K, reserved 1048576K
}
Event: 2.646 GC heap after
{Heap after GC invocations=10 (full 0):
 garbage-first heap   total 61440K, used 18889K [0x0000000089400000, 0x0000000100000000)
  region size 1024K, 5 young (5120K), 5 survivors (5120K)
 Metaspace       used 40978K, committed 41472K, reserved 1114112K
  class space    used 5279K, committed 5504K, reserved 1048576K
}
Event: 3.093 GC heap before
{Heap before GC invocations=10 (full 0):
 garbage-first heap   total 61440K, used 43465K [0x0000000089400000, 0x0000000100000000)
  region size 1024K, 30 young (30720K), 5 survivors (5120K)
 Metaspace       used 48268K, committed 48768K, reserved 1114112K
  class space    used 6309K, committed 6528K, reserved 1048576K
}

